This file contains any messages produced by compilers while
running configure, to aid debugging if configure makes a mistake.

It was created by rancid configure 3.7, which was
generated by GNU Autoconf 2.69.  Invocation command line was

  $ ./configure --prefix=/tmp/vessel_rancid-shipyard-Bfe7Fh/rancid-shipyard --with-git

## --------- ##
## Platform. ##
## --------- ##

hostname = el6build.test.psu.edu
uname -m = x86_64
uname -r = 2.6.32-696.6.3.el6.x86_64
uname -s = Linux
uname -v = #1 SMP Tue Jul 11 14:22:34 CDT 2017

/usr/bin/uname -p = unknown
/bin/uname -X     = unknown

/bin/arch              = x86_64
/usr/bin/arch -k       = unknown
/usr/convex/getsysinfo = unknown
/usr/bin/hostinfo      = unknown
/bin/machine           = unknown
/usr/bin/oslevel       = unknown
/bin/universe          = unknown

PATH: /tmp/vessel_rancid-shipyard-Bfe7Fh/rancid-shipyard/sbin
PATH: /tmp/vessel_rancid-shipyard-Bfe7Fh/rancid-shipyard/bin
PATH: /tmp/vessel_rancid-shipyard-Bfe7Fh/rancid-shipyard/usr/sbin
PATH: /tmp/vessel_rancid-shipyard-Bfe7Fh/rancid-shipyard/usr/bin
PATH: /home/atc135/.yarn/bin
PATH: /home/atc135/go/bin
PATH: /home/atc135/bin
PATH: /usr/heimdal/bin
PATH: /usr/heimdal/sbin
PATH: /usr/sbin
PATH: /sbin
PATH: /usr/lib64/qt-3.3/bin
PATH: /usr/kerberos/sbin
PATH: /usr/kerberos/bin
PATH: /usr/local/bin
PATH: /bin
PATH: /usr/bin
PATH: /usr/local/sbin
PATH: /usr/sbin
PATH: /sbin
PATH: /var/cfengine/bin
PATH: /home/atc135/bin


## ----------- ##
## Core tests. ##
## ----------- ##

configure:2308: checking for a BSD-compatible install
configure:2376: result: /usr/bin/install -c
configure:2387: checking whether build environment is sane
configure:2442: result: yes
configure:2593: checking for a thread-safe mkdir -p
configure:2632: result: /bin/mkdir -p
configure:2639: checking for gawk
configure:2655: found /bin/gawk
configure:2666: result: gawk
configure:2677: checking whether make sets $(MAKE)
configure:2699: result: yes
configure:2728: checking whether make supports nested variables
configure:2745: result: yes
configure:2878: checking whether to enable maintainer-specific portions of Makefiles
configure:2887: result: no
configure:2905: checking for gmake
configure:2923: found /usr/bin/gmake
configure:2936: result: /usr/bin/gmake
configure:2992: checking whether /usr/bin/gmake sets $(MAKE)
configure:3014: result: yes
configure:3073: checking for gcc
configure:3089: found /usr/bin/gcc
configure:3100: result: gcc
configure:3329: checking for C compiler version
configure:3338: gcc --version >&5
gcc (GCC) 4.4.7 20120313 (Red Hat 4.4.7-18)
Copyright (C) 2010 Free Software Foundation, Inc.
This is free software; see the source for copying conditions.  There is NO
warranty; not even for MERCHANTABILITY or FITNESS FOR A PARTICULAR PURPOSE.

configure:3349: $? = 0
configure:3338: gcc -v >&5
Using built-in specs.
Target: x86_64-redhat-linux
Configured with: ../configure --prefix=/usr --mandir=/usr/share/man --infodir=/usr/share/info --with-bugurl=http://bugzilla.redhat.com/bugzilla --enable-bootstrap --enable-shared --enable-threads=posix --enable-checking=release --with-system-zlib --enable-__cxa_atexit --disable-libunwind-exceptions --enable-gnu-unique-object --enable-languages=c,c++,objc,obj-c++,java,fortran,ada --enable-java-awt=gtk --disable-dssi --with-java-home=/usr/lib/jvm/java-1.5.0-gcj-1.5.0.0/jre --enable-libgcj-multifile --enable-java-maintainer-mode --with-ecj-jar=/usr/share/java/eclipse-ecj.jar --disable-libjava-multilib --with-ppl --with-cloog --with-tune=generic --with-arch_32=i686 --build=x86_64-redhat-linux
Thread model: posix
gcc version 4.4.7 20120313 (Red Hat 4.4.7-18) (GCC) 
configure:3349: $? = 0
configure:3338: gcc -V >&5
gcc: '-V' option must have argument
configure:3349: $? = 1
configure:3338: gcc -qversion >&5
gcc: unrecognized option '-qversion'
gcc: no input files
configure:3349: $? = 1
configure:3369: checking whether the C compiler works
configure:3391: gcc  -I/tmp/vessel_rancid-shipyard-Bfe7Fh/rancid-shipyard/include   -L/tmp/vessel_rancid-shipyard-Bfe7Fh/rancid-shipyard/lib conftest.c  >&5
configure:3395: $? = 0
configure:3443: result: yes
configure:3446: checking for C compiler default output file name
configure:3448: result: a.out
configure:3454: checking for suffix of executables
configure:3461: gcc -o conftest  -I/tmp/vessel_rancid-shipyard-Bfe7Fh/rancid-shipyard/include   -L/tmp/vessel_rancid-shipyard-Bfe7Fh/rancid-shipyard/lib conftest.c  >&5
configure:3465: $? = 0
configure:3487: result: 
configure:3509: checking whether we are cross compiling
configure:3517: gcc -o conftest  -I/tmp/vessel_rancid-shipyard-Bfe7Fh/rancid-shipyard/include   -L/tmp/vessel_rancid-shipyard-Bfe7Fh/rancid-shipyard/lib conftest.c  >&5
configure:3521: $? = 0
configure:3528: ./conftest
configure:3532: $? = 0
configure:3547: result: no
configure:3552: checking for suffix of object files
configure:3574: gcc -c  -I/tmp/vessel_rancid-shipyard-Bfe7Fh/rancid-shipyard/include  conftest.c >&5
configure:3578: $? = 0
configure:3599: result: o
configure:3603: checking whether we are using the GNU C compiler
configure:3622: gcc -c  -I/tmp/vessel_rancid-shipyard-Bfe7Fh/rancid-shipyard/include  conftest.c >&5
configure:3622: $? = 0
configure:3631: result: yes
configure:3640: checking whether gcc accepts -g
configure:3660: gcc -c -g  conftest.c >&5
configure:3660: $? = 0
configure:3701: result: yes
configure:3718: checking for gcc option to accept ISO C89
configure:3781: gcc  -c  -I/tmp/vessel_rancid-shipyard-Bfe7Fh/rancid-shipyard/include  conftest.c >&5
configure:3781: $? = 0
configure:3794: result: none needed
configure:3819: checking whether gcc understands -c and -o together
configure:3841: gcc -c conftest.c -o conftest2.o
configure:3844: $? = 0
configure:3841: gcc -c conftest.c -o conftest2.o
configure:3844: $? = 0
configure:3856: result: yes
configure:3884: checking for style of include used by /usr/bin/gmake
configure:3912: result: GNU
configure:3938: checking dependency style of gcc
configure:4049: result: gcc3
configure:4069: checking how to run the C preprocessor
configure:4100: gcc -E  conftest.c
configure:4100: $? = 0
configure:4114: gcc -E  conftest.c
conftest.c:11:28: error: ac_nonexistent.h: No such file or directory
configure:4114: $? = 1
configure: failed program was:
| /* confdefs.h */
| #define PACKAGE_NAME "rancid"
| #define PACKAGE_TARNAME "rancid"
| #define PACKAGE_VERSION "3.7"
| #define PACKAGE_STRING "rancid 3.7"
| #define PACKAGE_BUGREPORT "rancid@shrubbery.net"
| #define PACKAGE_URL ""
| #define PACKAGE "rancid"
| #define VERSION "3.7"
| /* end confdefs.h.  */
| #include <ac_nonexistent.h>
configure:4139: result: gcc -E
configure:4159: gcc -E  conftest.c
configure:4159: $? = 0
configure:4173: gcc -E  conftest.c
conftest.c:11:28: error: ac_nonexistent.h: No such file or directory
configure:4173: $? = 1
configure: failed program was:
| /* confdefs.h */
| #define PACKAGE_NAME "rancid"
| #define PACKAGE_TARNAME "rancid"
| #define PACKAGE_VERSION "3.7"
| #define PACKAGE_STRING "rancid 3.7"
| #define PACKAGE_BUGREPORT "rancid@shrubbery.net"
| #define PACKAGE_URL ""
| #define PACKAGE "rancid"
| #define VERSION "3.7"
| /* end confdefs.h.  */
| #include <ac_nonexistent.h>
configure:4202: checking for an ANSI C-conforming const
configure:4268: gcc -c  -I/tmp/vessel_rancid-shipyard-Bfe7Fh/rancid-shipyard/include  conftest.c >&5
configure:4268: $? = 0
configure:4275: result: yes
configure:4283: checking for inline
configure:4299: gcc -c  -I/tmp/vessel_rancid-shipyard-Bfe7Fh/rancid-shipyard/include  conftest.c >&5
configure:4299: $? = 0
configure:4307: result: inline
configure:4326: checking for grep that handles long lines and -e
configure:4384: result: /bin/grep
configure:4389: checking for egrep
configure:4451: result: /bin/grep -E
configure:4456: checking for preprocessor stringizing operator
configure:4476: result: yes
configure:4486: checking for ANSI C header files
configure:4506: gcc -c  -I/tmp/vessel_rancid-shipyard-Bfe7Fh/rancid-shipyard/include  conftest.c >&5
configure:4506: $? = 0
configure:4579: gcc -o conftest  -I/tmp/vessel_rancid-shipyard-Bfe7Fh/rancid-shipyard/include   -L/tmp/vessel_rancid-shipyard-Bfe7Fh/rancid-shipyard/lib conftest.c  >&5
configure:4579: $? = 0
configure:4579: ./conftest
configure:4579: $? = 0
configure:4590: result: yes
configure:4603: checking for sys/types.h
configure:4603: gcc -c  -I/tmp/vessel_rancid-shipyard-Bfe7Fh/rancid-shipyard/include  conftest.c >&5
configure:4603: $? = 0
configure:4603: result: yes
configure:4603: checking for sys/stat.h
configure:4603: gcc -c  -I/tmp/vessel_rancid-shipyard-Bfe7Fh/rancid-shipyard/include  conftest.c >&5
configure:4603: $? = 0
configure:4603: result: yes
configure:4603: checking for stdlib.h
configure:4603: gcc -c  -I/tmp/vessel_rancid-shipyard-Bfe7Fh/rancid-shipyard/include  conftest.c >&5
configure:4603: $? = 0
configure:4603: result: yes
configure:4603: checking for string.h
configure:4603: gcc -c  -I/tmp/vessel_rancid-shipyard-Bfe7Fh/rancid-shipyard/include  conftest.c >&5
configure:4603: $? = 0
configure:4603: result: yes
configure:4603: checking for memory.h
configure:4603: gcc -c  -I/tmp/vessel_rancid-shipyard-Bfe7Fh/rancid-shipyard/include  conftest.c >&5
configure:4603: $? = 0
configure:4603: result: yes
configure:4603: checking for strings.h
configure:4603: gcc -c  -I/tmp/vessel_rancid-shipyard-Bfe7Fh/rancid-shipyard/include  conftest.c >&5
configure:4603: $? = 0
configure:4603: result: yes
configure:4603: checking for inttypes.h
configure:4603: gcc -c  -I/tmp/vessel_rancid-shipyard-Bfe7Fh/rancid-shipyard/include  conftest.c >&5
configure:4603: $? = 0
configure:4603: result: yes
configure:4603: checking for stdint.h
configure:4603: gcc -c  -I/tmp/vessel_rancid-shipyard-Bfe7Fh/rancid-shipyard/include  conftest.c >&5
configure:4603: $? = 0
configure:4603: result: yes
configure:4603: checking for unistd.h
configure:4603: gcc -c  -I/tmp/vessel_rancid-shipyard-Bfe7Fh/rancid-shipyard/include  conftest.c >&5
configure:4603: $? = 0
configure:4603: result: yes
configure:4621: checking ctype.h usability
configure:4621: gcc -c  -I/tmp/vessel_rancid-shipyard-Bfe7Fh/rancid-shipyard/include  conftest.c >&5
configure:4621: $? = 0
configure:4621: result: yes
configure:4621: checking ctype.h presence
configure:4621: gcc -E  conftest.c
configure:4621: $? = 0
configure:4621: result: yes
configure:4621: checking for ctype.h
configure:4621: result: yes
configure:4621: checking errno.h usability
configure:4621: gcc -c  -I/tmp/vessel_rancid-shipyard-Bfe7Fh/rancid-shipyard/include  conftest.c >&5
configure:4621: $? = 0
configure:4621: result: yes
configure:4621: checking errno.h presence
configure:4621: gcc -E  conftest.c
configure:4621: $? = 0
configure:4621: result: yes
configure:4621: checking for errno.h
configure:4621: result: yes
configure:4621: checking fcntl.h usability
configure:4621: gcc -c  -I/tmp/vessel_rancid-shipyard-Bfe7Fh/rancid-shipyard/include  conftest.c >&5
configure:4621: $? = 0
configure:4621: result: yes
configure:4621: checking fcntl.h presence
configure:4621: gcc -E  conftest.c
configure:4621: $? = 0
configure:4621: result: yes
configure:4621: checking for fcntl.h
configure:4621: result: yes
configure:4621: checking libutil.h usability
configure:4621: gcc -c  -I/tmp/vessel_rancid-shipyard-Bfe7Fh/rancid-shipyard/include  conftest.c >&5
conftest.c:58:21: error: libutil.h: No such file or directory
configure:4621: $? = 1
configure: failed program was:
| /* confdefs.h */
| #define PACKAGE_NAME "rancid"
| #define PACKAGE_TARNAME "rancid"
| #define PACKAGE_VERSION "3.7"
| #define PACKAGE_STRING "rancid 3.7"
| #define PACKAGE_BUGREPORT "rancid@shrubbery.net"
| #define PACKAGE_URL ""
| #define PACKAGE "rancid"
| #define VERSION "3.7"
| #define HAVE_STRINGIZE 1
| #define STDC_HEADERS 1
| #define HAVE_SYS_TYPES_H 1
| #define HAVE_SYS_STAT_H 1
| #define HAVE_STDLIB_H 1
| #define HAVE_STRING_H 1
| #define HAVE_MEMORY_H 1
| #define HAVE_STRINGS_H 1
| #define HAVE_INTTYPES_H 1
| #define HAVE_STDINT_H 1
| #define HAVE_UNISTD_H 1
| #define HAVE_CTYPE_H 1
| #define HAVE_ERRNO_H 1
| #define HAVE_FCNTL_H 1
| /* end confdefs.h.  */
| #include <stdio.h>
| #ifdef HAVE_SYS_TYPES_H
| # include <sys/types.h>
| #endif
| #ifdef HAVE_SYS_STAT_H
| # include <sys/stat.h>
| #endif
| #ifdef STDC_HEADERS
| # include <stdlib.h>
| # include <stddef.h>
| #else
| # ifdef HAVE_STDLIB_H
| #  include <stdlib.h>
| # endif
| #endif
| #ifdef HAVE_STRING_H
| # if !defined STDC_HEADERS && defined HAVE_MEMORY_H
| #  include <memory.h>
| # endif
| # include <string.h>
| #endif
| #ifdef HAVE_STRINGS_H
| # include <strings.h>
| #endif
| #ifdef HAVE_INTTYPES_H
| # include <inttypes.h>
| #endif
| #ifdef HAVE_STDINT_H
| # include <stdint.h>
| #endif
| #ifdef HAVE_UNISTD_H
| # include <unistd.h>
| #endif
| #include <libutil.h>
configure:4621: result: no
configure:4621: checking libutil.h presence
configure:4621: gcc -E  conftest.c
conftest.c:25:21: error: libutil.h: No such file or directory
configure:4621: $? = 1
configure: failed program was:
| /* confdefs.h */
| #define PACKAGE_NAME "rancid"
| #define PACKAGE_TARNAME "rancid"
| #define PACKAGE_VERSION "3.7"
| #define PACKAGE_STRING "rancid 3.7"
| #define PACKAGE_BUGREPORT "rancid@shrubbery.net"
| #define PACKAGE_URL ""
| #define PACKAGE "rancid"
| #define VERSION "3.7"
| #define HAVE_STRINGIZE 1
| #define STDC_HEADERS 1
| #define HAVE_SYS_TYPES_H 1
| #define HAVE_SYS_STAT_H 1
| #define HAVE_STDLIB_H 1
| #define HAVE_STRING_H 1
| #define HAVE_MEMORY_H 1
| #define HAVE_STRINGS_H 1
| #define HAVE_INTTYPES_H 1
| #define HAVE_STDINT_H 1
| #define HAVE_UNISTD_H 1
| #define HAVE_CTYPE_H 1
| #define HAVE_ERRNO_H 1
| #define HAVE_FCNTL_H 1
| /* end confdefs.h.  */
| #include <libutil.h>
configure:4621: result: no
configure:4621: checking for libutil.h
configure:4621: result: no
configure:4621: checking limits.h usability
configure:4621: gcc -c  -I/tmp/vessel_rancid-shipyard-Bfe7Fh/rancid-shipyard/include  conftest.c >&5
configure:4621: $? = 0
configure:4621: result: yes
configure:4621: checking limits.h presence
configure:4621: gcc -E  conftest.c
configure:4621: $? = 0
configure:4621: result: yes
configure:4621: checking for limits.h
configure:4621: result: yes
configure:4621: checking pty.h usability
configure:4621: gcc -c  -I/tmp/vessel_rancid-shipyard-Bfe7Fh/rancid-shipyard/include  conftest.c >&5
configure:4621: $? = 0
configure:4621: result: yes
configure:4621: checking pty.h presence
configure:4621: gcc -E  conftest.c
configure:4621: $? = 0
configure:4621: result: yes
configure:4621: checking for pty.h
configure:4621: result: yes
configure:4621: checking malloc.h usability
configure:4621: gcc -c  -I/tmp/vessel_rancid-shipyard-Bfe7Fh/rancid-shipyard/include  conftest.c >&5
configure:4621: $? = 0
configure:4621: result: yes
configure:4621: checking malloc.h presence
configure:4621: gcc -E  conftest.c
configure:4621: $? = 0
configure:4621: result: yes
configure:4621: checking for malloc.h
configure:4621: result: yes
configure:4621: checking for memory.h
configure:4621: result: yes
configure:4621: checking siginfo.h usability
configure:4621: gcc -c  -I/tmp/vessel_rancid-shipyard-Bfe7Fh/rancid-shipyard/include  conftest.c >&5
conftest.c:62:21: error: siginfo.h: No such file or directory
configure:4621: $? = 1
configure: failed program was:
| /* confdefs.h */
| #define PACKAGE_NAME "rancid"
| #define PACKAGE_TARNAME "rancid"
| #define PACKAGE_VERSION "3.7"
| #define PACKAGE_STRING "rancid 3.7"
| #define PACKAGE_BUGREPORT "rancid@shrubbery.net"
| #define PACKAGE_URL ""
| #define PACKAGE "rancid"
| #define VERSION "3.7"
| #define HAVE_STRINGIZE 1
| #define STDC_HEADERS 1
| #define HAVE_SYS_TYPES_H 1
| #define HAVE_SYS_STAT_H 1
| #define HAVE_STDLIB_H 1
| #define HAVE_STRING_H 1
| #define HAVE_MEMORY_H 1
| #define HAVE_STRINGS_H 1
| #define HAVE_INTTYPES_H 1
| #define HAVE_STDINT_H 1
| #define HAVE_UNISTD_H 1
| #define HAVE_CTYPE_H 1
| #define HAVE_ERRNO_H 1
| #define HAVE_FCNTL_H 1
| #define HAVE_LIMITS_H 1
| #define HAVE_PTY_H 1
| #define HAVE_MALLOC_H 1
| #define HAVE_MEMORY_H 1
| /* end confdefs.h.  */
| #include <stdio.h>
| #ifdef HAVE_SYS_TYPES_H
| # include <sys/types.h>
| #endif
| #ifdef HAVE_SYS_STAT_H
| # include <sys/stat.h>
| #endif
| #ifdef STDC_HEADERS
| # include <stdlib.h>
| # include <stddef.h>
| #else
| # ifdef HAVE_STDLIB_H
| #  include <stdlib.h>
| # endif
| #endif
| #ifdef HAVE_STRING_H
| # if !defined STDC_HEADERS && defined HAVE_MEMORY_H
| #  include <memory.h>
| # endif
| # include <string.h>
| #endif
| #ifdef HAVE_STRINGS_H
| # include <strings.h>
| #endif
| #ifdef HAVE_INTTYPES_H
| # include <inttypes.h>
| #endif
| #ifdef HAVE_STDINT_H
| # include <stdint.h>
| #endif
| #ifdef HAVE_UNISTD_H
| # include <unistd.h>
| #endif
| #include <siginfo.h>
configure:4621: result: no
configure:4621: checking siginfo.h presence
configure:4621: gcc -E  conftest.c
conftest.c:29:21: error: siginfo.h: No such file or directory
configure:4621: $? = 1
configure: failed program was:
| /* confdefs.h */
| #define PACKAGE_NAME "rancid"
| #define PACKAGE_TARNAME "rancid"
| #define PACKAGE_VERSION "3.7"
| #define PACKAGE_STRING "rancid 3.7"
| #define PACKAGE_BUGREPORT "rancid@shrubbery.net"
| #define PACKAGE_URL ""
| #define PACKAGE "rancid"
| #define VERSION "3.7"
| #define HAVE_STRINGIZE 1
| #define STDC_HEADERS 1
| #define HAVE_SYS_TYPES_H 1
| #define HAVE_SYS_STAT_H 1
| #define HAVE_STDLIB_H 1
| #define HAVE_STRING_H 1
| #define HAVE_MEMORY_H 1
| #define HAVE_STRINGS_H 1
| #define HAVE_INTTYPES_H 1
| #define HAVE_STDINT_H 1
| #define HAVE_UNISTD_H 1
| #define HAVE_CTYPE_H 1
| #define HAVE_ERRNO_H 1
| #define HAVE_FCNTL_H 1
| #define HAVE_LIMITS_H 1
| #define HAVE_PTY_H 1
| #define HAVE_MALLOC_H 1
| #define HAVE_MEMORY_H 1
| /* end confdefs.h.  */
| #include <siginfo.h>
configure:4621: result: no
configure:4621: checking for siginfo.h
configure:4621: result: no
configure:4621: checking stdarg.h usability
configure:4621: gcc -c  -I/tmp/vessel_rancid-shipyard-Bfe7Fh/rancid-shipyard/include  conftest.c >&5
configure:4621: $? = 0
configure:4621: result: yes
configure:4621: checking stdarg.h presence
configure:4621: gcc -E  conftest.c
configure:4621: $? = 0
configure:4621: result: yes
configure:4621: checking for stdarg.h
configure:4621: result: yes
configure:4621: checking for stdint.h
configure:4621: result: yes
configure:4621: checking for stdlib.h
configure:4621: result: yes
configure:4621: checking for string.h
configure:4621: result: yes
configure:4621: checking for strings.h
configure:4621: result: yes
configure:4621: checking stropts.h usability
configure:4621: gcc -c  -I/tmp/vessel_rancid-shipyard-Bfe7Fh/rancid-shipyard/include  conftest.c >&5
conftest.c:67:21: error: stropts.h: No such file or directory
configure:4621: $? = 1
configure: failed program was:
| /* confdefs.h */
| #define PACKAGE_NAME "rancid"
| #define PACKAGE_TARNAME "rancid"
| #define PACKAGE_VERSION "3.7"
| #define PACKAGE_STRING "rancid 3.7"
| #define PACKAGE_BUGREPORT "rancid@shrubbery.net"
| #define PACKAGE_URL ""
| #define PACKAGE "rancid"
| #define VERSION "3.7"
| #define HAVE_STRINGIZE 1
| #define STDC_HEADERS 1
| #define HAVE_SYS_TYPES_H 1
| #define HAVE_SYS_STAT_H 1
| #define HAVE_STDLIB_H 1
| #define HAVE_STRING_H 1
| #define HAVE_MEMORY_H 1
| #define HAVE_STRINGS_H 1
| #define HAVE_INTTYPES_H 1
| #define HAVE_STDINT_H 1
| #define HAVE_UNISTD_H 1
| #define HAVE_CTYPE_H 1
| #define HAVE_ERRNO_H 1
| #define HAVE_FCNTL_H 1
| #define HAVE_LIMITS_H 1
| #define HAVE_PTY_H 1
| #define HAVE_MALLOC_H 1
| #define HAVE_MEMORY_H 1
| #define HAVE_STDARG_H 1
| #define HAVE_STDINT_H 1
| #define HAVE_STDLIB_H 1
| #define HAVE_STRING_H 1
| #define HAVE_STRINGS_H 1
| /* end confdefs.h.  */
| #include <stdio.h>
| #ifdef HAVE_SYS_TYPES_H
| # include <sys/types.h>
| #endif
| #ifdef HAVE_SYS_STAT_H
| # include <sys/stat.h>
| #endif
| #ifdef STDC_HEADERS
| # include <stdlib.h>
| # include <stddef.h>
| #else
| # ifdef HAVE_STDLIB_H
| #  include <stdlib.h>
| # endif
| #endif
| #ifdef HAVE_STRING_H
| # if !defined STDC_HEADERS && defined HAVE_MEMORY_H
| #  include <memory.h>
| # endif
| # include <string.h>
| #endif
| #ifdef HAVE_STRINGS_H
| # include <strings.h>
| #endif
| #ifdef HAVE_INTTYPES_H
| # include <inttypes.h>
| #endif
| #ifdef HAVE_STDINT_H
| # include <stdint.h>
| #endif
| #ifdef HAVE_UNISTD_H
| # include <unistd.h>
| #endif
| #include <stropts.h>
configure:4621: result: no
configure:4621: checking stropts.h presence
configure:4621: gcc -E  conftest.c
conftest.c:34:21: error: stropts.h: No such file or directory
configure:4621: $? = 1
configure: failed program was:
| /* confdefs.h */
| #define PACKAGE_NAME "rancid"
| #define PACKAGE_TARNAME "rancid"
| #define PACKAGE_VERSION "3.7"
| #define PACKAGE_STRING "rancid 3.7"
| #define PACKAGE_BUGREPORT "rancid@shrubbery.net"
| #define PACKAGE_URL ""
| #define PACKAGE "rancid"
| #define VERSION "3.7"
| #define HAVE_STRINGIZE 1
| #define STDC_HEADERS 1
| #define HAVE_SYS_TYPES_H 1
| #define HAVE_SYS_STAT_H 1
| #define HAVE_STDLIB_H 1
| #define HAVE_STRING_H 1
| #define HAVE_MEMORY_H 1
| #define HAVE_STRINGS_H 1
| #define HAVE_INTTYPES_H 1
| #define HAVE_STDINT_H 1
| #define HAVE_UNISTD_H 1
| #define HAVE_CTYPE_H 1
| #define HAVE_ERRNO_H 1
| #define HAVE_FCNTL_H 1
| #define HAVE_LIMITS_H 1
| #define HAVE_PTY_H 1
| #define HAVE_MALLOC_H 1
| #define HAVE_MEMORY_H 1
| #define HAVE_STDARG_H 1
| #define HAVE_STDINT_H 1
| #define HAVE_STDLIB_H 1
| #define HAVE_STRING_H 1
| #define HAVE_STRINGS_H 1
| /* end confdefs.h.  */
| #include <stropts.h>
configure:4621: result: no
configure:4621: checking for stropts.h
configure:4621: result: no
configure:4621: checking sys/resource.h usability
configure:4621: gcc -c  -I/tmp/vessel_rancid-shipyard-Bfe7Fh/rancid-shipyard/include  conftest.c >&5
configure:4621: $? = 0
configure:4621: result: yes
configure:4621: checking sys/resource.h presence
configure:4621: gcc -E  conftest.c
configure:4621: $? = 0
configure:4621: result: yes
configure:4621: checking for sys/resource.h
configure:4621: result: yes
configure:4621: checking sys/time.h usability
configure:4621: gcc -c  -I/tmp/vessel_rancid-shipyard-Bfe7Fh/rancid-shipyard/include  conftest.c >&5
configure:4621: $? = 0
configure:4621: result: yes
configure:4621: checking sys/time.h presence
configure:4621: gcc -E  conftest.c
configure:4621: $? = 0
configure:4621: result: yes
configure:4621: checking for sys/time.h
configure:4621: result: yes
configure:4621: checking for sys/types.h
configure:4621: result: yes
configure:4621: checking sys/wait.h usability
configure:4621: gcc -c  -I/tmp/vessel_rancid-shipyard-Bfe7Fh/rancid-shipyard/include  conftest.c >&5
configure:4621: $? = 0
configure:4621: result: yes
configure:4621: checking sys/wait.h presence
configure:4621: gcc -E  conftest.c
configure:4621: $? = 0
configure:4621: result: yes
configure:4621: checking for sys/wait.h
configure:4621: result: yes
configure:4621: checking sysexits.h usability
configure:4621: gcc -c  -I/tmp/vessel_rancid-shipyard-Bfe7Fh/rancid-shipyard/include  conftest.c >&5
configure:4621: $? = 0
configure:4621: result: yes
configure:4621: checking sysexits.h presence
configure:4621: gcc -E  conftest.c
configure:4621: $? = 0
configure:4621: result: yes
configure:4621: checking for sysexits.h
configure:4621: result: yes
configure:4621: checking for unistd.h
configure:4621: result: yes
configure:4621: checking util.h usability
configure:4621: gcc -c  -I/tmp/vessel_rancid-shipyard-Bfe7Fh/rancid-shipyard/include  conftest.c >&5
conftest.c:73:18: error: util.h: No such file or directory
configure:4621: $? = 1
configure: failed program was:
| /* confdefs.h */
| #define PACKAGE_NAME "rancid"
| #define PACKAGE_TARNAME "rancid"
| #define PACKAGE_VERSION "3.7"
| #define PACKAGE_STRING "rancid 3.7"
| #define PACKAGE_BUGREPORT "rancid@shrubbery.net"
| #define PACKAGE_URL ""
| #define PACKAGE "rancid"
| #define VERSION "3.7"
| #define HAVE_STRINGIZE 1
| #define STDC_HEADERS 1
| #define HAVE_SYS_TYPES_H 1
| #define HAVE_SYS_STAT_H 1
| #define HAVE_STDLIB_H 1
| #define HAVE_STRING_H 1
| #define HAVE_MEMORY_H 1
| #define HAVE_STRINGS_H 1
| #define HAVE_INTTYPES_H 1
| #define HAVE_STDINT_H 1
| #define HAVE_UNISTD_H 1
| #define HAVE_CTYPE_H 1
| #define HAVE_ERRNO_H 1
| #define HAVE_FCNTL_H 1
| #define HAVE_LIMITS_H 1
| #define HAVE_PTY_H 1
| #define HAVE_MALLOC_H 1
| #define HAVE_MEMORY_H 1
| #define HAVE_STDARG_H 1
| #define HAVE_STDINT_H 1
| #define HAVE_STDLIB_H 1
| #define HAVE_STRING_H 1
| #define HAVE_STRINGS_H 1
| #define HAVE_SYS_RESOURCE_H 1
| #define HAVE_SYS_TIME_H 1
| #define HAVE_SYS_TYPES_H 1
| #define HAVE_SYS_WAIT_H 1
| #define HAVE_SYSEXITS_H 1
| #define HAVE_UNISTD_H 1
| /* end confdefs.h.  */
| #include <stdio.h>
| #ifdef HAVE_SYS_TYPES_H
| # include <sys/types.h>
| #endif
| #ifdef HAVE_SYS_STAT_H
| # include <sys/stat.h>
| #endif
| #ifdef STDC_HEADERS
| # include <stdlib.h>
| # include <stddef.h>
| #else
| # ifdef HAVE_STDLIB_H
| #  include <stdlib.h>
| # endif
| #endif
| #ifdef HAVE_STRING_H
| # if !defined STDC_HEADERS && defined HAVE_MEMORY_H
| #  include <memory.h>
| # endif
| # include <string.h>
| #endif
| #ifdef HAVE_STRINGS_H
| # include <strings.h>
| #endif
| #ifdef HAVE_INTTYPES_H
| # include <inttypes.h>
| #endif
| #ifdef HAVE_STDINT_H
| # include <stdint.h>
| #endif
| #ifdef HAVE_UNISTD_H
| # include <unistd.h>
| #endif
| #include <util.h>
configure:4621: result: no
configure:4621: checking util.h presence
configure:4621: gcc -E  conftest.c
conftest.c:40:18: error: util.h: No such file or directory
configure:4621: $? = 1
configure: failed program was:
| /* confdefs.h */
| #define PACKAGE_NAME "rancid"
| #define PACKAGE_TARNAME "rancid"
| #define PACKAGE_VERSION "3.7"
| #define PACKAGE_STRING "rancid 3.7"
| #define PACKAGE_BUGREPORT "rancid@shrubbery.net"
| #define PACKAGE_URL ""
| #define PACKAGE "rancid"
| #define VERSION "3.7"
| #define HAVE_STRINGIZE 1
| #define STDC_HEADERS 1
| #define HAVE_SYS_TYPES_H 1
| #define HAVE_SYS_STAT_H 1
| #define HAVE_STDLIB_H 1
| #define HAVE_STRING_H 1
| #define HAVE_MEMORY_H 1
| #define HAVE_STRINGS_H 1
| #define HAVE_INTTYPES_H 1
| #define HAVE_STDINT_H 1
| #define HAVE_UNISTD_H 1
| #define HAVE_CTYPE_H 1
| #define HAVE_ERRNO_H 1
| #define HAVE_FCNTL_H 1
| #define HAVE_LIMITS_H 1
| #define HAVE_PTY_H 1
| #define HAVE_MALLOC_H 1
| #define HAVE_MEMORY_H 1
| #define HAVE_STDARG_H 1
| #define HAVE_STDINT_H 1
| #define HAVE_STDLIB_H 1
| #define HAVE_STRING_H 1
| #define HAVE_STRINGS_H 1
| #define HAVE_SYS_RESOURCE_H 1
| #define HAVE_SYS_TIME_H 1
| #define HAVE_SYS_TYPES_H 1
| #define HAVE_SYS_WAIT_H 1
| #define HAVE_SYSEXITS_H 1
| #define HAVE_UNISTD_H 1
| /* end confdefs.h.  */
| #include <util.h>
configure:4621: result: no
configure:4621: checking for util.h
configure:4621: result: no
configure:4621: checking wait.h usability
configure:4621: gcc -c  -I/tmp/vessel_rancid-shipyard-Bfe7Fh/rancid-shipyard/include  conftest.c >&5
configure:4621: $? = 0
configure:4621: result: yes
configure:4621: checking wait.h presence
configure:4621: gcc -E  conftest.c
configure:4621: $? = 0
configure:4621: result: yes
configure:4621: checking for wait.h
configure:4621: result: yes
configure:4637: checking for asprintf
configure:4637: gcc -o conftest  -I/tmp/vessel_rancid-shipyard-Bfe7Fh/rancid-shipyard/include   -L/tmp/vessel_rancid-shipyard-Bfe7Fh/rancid-shipyard/lib conftest.c  >&5
configure:4637: $? = 0
configure:4637: result: yes
configure:4637: checking for memcpy
configure:4637: gcc -o conftest  -I/tmp/vessel_rancid-shipyard-Bfe7Fh/rancid-shipyard/include   -L/tmp/vessel_rancid-shipyard-Bfe7Fh/rancid-shipyard/lib conftest.c  >&5
conftest.c:65: warning: conflicting types for built-in function 'memcpy'
configure:4637: $? = 0
configure:4637: result: yes
configure:4637: checking for memmove
configure:4637: gcc -o conftest  -I/tmp/vessel_rancid-shipyard-Bfe7Fh/rancid-shipyard/include   -L/tmp/vessel_rancid-shipyard-Bfe7Fh/rancid-shipyard/lib conftest.c  >&5
conftest.c:66: warning: conflicting types for built-in function 'memmove'
configure:4637: $? = 0
configure:4637: result: yes
configure:4637: checking for memset
configure:4637: gcc -o conftest  -I/tmp/vessel_rancid-shipyard-Bfe7Fh/rancid-shipyard/include   -L/tmp/vessel_rancid-shipyard-Bfe7Fh/rancid-shipyard/lib conftest.c  >&5
conftest.c:67: warning: conflicting types for built-in function 'memset'
configure:4637: $? = 0
configure:4637: result: yes
configure:4637: checking for strerror
configure:4637: gcc -o conftest  -I/tmp/vessel_rancid-shipyard-Bfe7Fh/rancid-shipyard/include   -L/tmp/vessel_rancid-shipyard-Bfe7Fh/rancid-shipyard/lib conftest.c  >&5
configure:4637: $? = 0
configure:4637: result: yes
configure:4637: checking for strchr
configure:4637: gcc -o conftest  -I/tmp/vessel_rancid-shipyard-Bfe7Fh/rancid-shipyard/include   -L/tmp/vessel_rancid-shipyard-Bfe7Fh/rancid-shipyard/lib conftest.c  >&5
conftest.c:69: warning: conflicting types for built-in function 'strchr'
configure:4637: $? = 0
configure:4637: result: yes
configure:4637: checking for strrchr
configure:4637: gcc -o conftest  -I/tmp/vessel_rancid-shipyard-Bfe7Fh/rancid-shipyard/include   -L/tmp/vessel_rancid-shipyard-Bfe7Fh/rancid-shipyard/lib conftest.c  >&5
conftest.c:70: warning: conflicting types for built-in function 'strrchr'
configure:4637: $? = 0
configure:4637: result: yes
configure:4637: checking for strstr
configure:4637: gcc -o conftest  -I/tmp/vessel_rancid-shipyard-Bfe7Fh/rancid-shipyard/include   -L/tmp/vessel_rancid-shipyard-Bfe7Fh/rancid-shipyard/lib conftest.c  >&5
conftest.c:71: warning: conflicting types for built-in function 'strstr'
configure:4637: $? = 0
configure:4637: result: yes
configure:4637: checking for strtok
configure:4637: gcc -o conftest  -I/tmp/vessel_rancid-shipyard-Bfe7Fh/rancid-shipyard/include   -L/tmp/vessel_rancid-shipyard-Bfe7Fh/rancid-shipyard/lib conftest.c  >&5
configure:4637: $? = 0
configure:4637: result: yes
configure:4637: checking for strrtok
configure:4637: gcc -o conftest  -I/tmp/vessel_rancid-shipyard-Bfe7Fh/rancid-shipyard/include   -L/tmp/vessel_rancid-shipyard-Bfe7Fh/rancid-shipyard/lib conftest.c  >&5
/tmp/ccpQESez.o: In function `main':
conftest.c:(.text+0xa): undefined reference to `strrtok'
collect2: ld returned 1 exit status
configure:4637: $? = 1
configure: failed program was:
| /* confdefs.h */
| #define PACKAGE_NAME "rancid"
| #define PACKAGE_TARNAME "rancid"
| #define PACKAGE_VERSION "3.7"
| #define PACKAGE_STRING "rancid 3.7"
| #define PACKAGE_BUGREPORT "rancid@shrubbery.net"
| #define PACKAGE_URL ""
| #define PACKAGE "rancid"
| #define VERSION "3.7"
| #define HAVE_STRINGIZE 1
| #define STDC_HEADERS 1
| #define HAVE_SYS_TYPES_H 1
| #define HAVE_SYS_STAT_H 1
| #define HAVE_STDLIB_H 1
| #define HAVE_STRING_H 1
| #define HAVE_MEMORY_H 1
| #define HAVE_STRINGS_H 1
| #define HAVE_INTTYPES_H 1
| #define HAVE_STDINT_H 1
| #define HAVE_UNISTD_H 1
| #define HAVE_CTYPE_H 1
| #define HAVE_ERRNO_H 1
| #define HAVE_FCNTL_H 1
| #define HAVE_LIMITS_H 1
| #define HAVE_PTY_H 1
| #define HAVE_MALLOC_H 1
| #define HAVE_MEMORY_H 1
| #define HAVE_STDARG_H 1
| #define HAVE_STDINT_H 1
| #define HAVE_STDLIB_H 1
| #define HAVE_STRING_H 1
| #define HAVE_STRINGS_H 1
| #define HAVE_SYS_RESOURCE_H 1
| #define HAVE_SYS_TIME_H 1
| #define HAVE_SYS_TYPES_H 1
| #define HAVE_SYS_WAIT_H 1
| #define HAVE_SYSEXITS_H 1
| #define HAVE_UNISTD_H 1
| #define HAVE_WAIT_H 1
| #define HAVE_ASPRINTF 1
| #define HAVE_MEMCPY 1
| #define HAVE_MEMMOVE 1
| #define HAVE_MEMSET 1
| #define HAVE_STRERROR 1
| #define HAVE_STRCHR 1
| #define HAVE_STRRCHR 1
| #define HAVE_STRSTR 1
| #define HAVE_STRTOK 1
| /* end confdefs.h.  */
| /* Define strrtok to an innocuous variant, in case <limits.h> declares strrtok.
|    For example, HP-UX 11i <limits.h> declares gettimeofday.  */
| #define strrtok innocuous_strrtok
| 
| /* System header to define __stub macros and hopefully few prototypes,
|     which can conflict with char strrtok (); below.
|     Prefer <limits.h> to <assert.h> if __STDC__ is defined, since
|     <limits.h> exists even on freestanding compilers.  */
| 
| #ifdef __STDC__
| # include <limits.h>
| #else
| # include <assert.h>
| #endif
| 
| #undef strrtok
| 
| /* Override any GCC internal prototype to avoid an error.
|    Use char because int might match the return type of a GCC
|    builtin and then its argument prototype would still apply.  */
| #ifdef __cplusplus
| extern "C"
| #endif
| char strrtok ();
| /* The GNU C library defines this for functions which it implements
|     to always fail with ENOSYS.  Some functions are actually named
|     something starting with __ and the normal name is an alias.  */
| #if defined __stub_strrtok || defined __stub___strrtok
| choke me
| #endif
| 
| int
| main ()
| {
| return strrtok ();
|   ;
|   return 0;
| }
configure:4637: result: no
configure:4637: checking for index
configure:4637: gcc -o conftest  -I/tmp/vessel_rancid-shipyard-Bfe7Fh/rancid-shipyard/include   -L/tmp/vessel_rancid-shipyard-Bfe7Fh/rancid-shipyard/lib conftest.c  >&5
conftest.c:73: warning: conflicting types for built-in function 'index'
configure:4637: $? = 0
configure:4637: result: yes
configure:4637: checking for rindex
configure:4637: gcc -o conftest  -I/tmp/vessel_rancid-shipyard-Bfe7Fh/rancid-shipyard/include   -L/tmp/vessel_rancid-shipyard-Bfe7Fh/rancid-shipyard/lib conftest.c  >&5
conftest.c:74: warning: conflicting types for built-in function 'rindex'
configure:4637: $? = 0
configure:4637: result: yes
configure:4637: checking for unsetenv
configure:4637: gcc -o conftest  -I/tmp/vessel_rancid-shipyard-Bfe7Fh/rancid-shipyard/include   -L/tmp/vessel_rancid-shipyard-Bfe7Fh/rancid-shipyard/lib conftest.c  >&5
configure:4637: $? = 0
configure:4637: result: yes
configure:4648: checking for openpty
configure:4648: gcc -o conftest  -I/tmp/vessel_rancid-shipyard-Bfe7Fh/rancid-shipyard/include   -L/tmp/vessel_rancid-shipyard-Bfe7Fh/rancid-shipyard/lib conftest.c  >&5
/tmp/ccmHKgWN.o: In function `main':
conftest.c:(.text+0xa): undefined reference to `openpty'
collect2: ld returned 1 exit status
configure:4648: $? = 1
configure: failed program was:
| /* confdefs.h */
| #define PACKAGE_NAME "rancid"
| #define PACKAGE_TARNAME "rancid"
| #define PACKAGE_VERSION "3.7"
| #define PACKAGE_STRING "rancid 3.7"
| #define PACKAGE_BUGREPORT "rancid@shrubbery.net"
| #define PACKAGE_URL ""
| #define PACKAGE "rancid"
| #define VERSION "3.7"
| #define HAVE_STRINGIZE 1
| #define STDC_HEADERS 1
| #define HAVE_SYS_TYPES_H 1
| #define HAVE_SYS_STAT_H 1
| #define HAVE_STDLIB_H 1
| #define HAVE_STRING_H 1
| #define HAVE_MEMORY_H 1
| #define HAVE_STRINGS_H 1
| #define HAVE_INTTYPES_H 1
| #define HAVE_STDINT_H 1
| #define HAVE_UNISTD_H 1
| #define HAVE_CTYPE_H 1
| #define HAVE_ERRNO_H 1
| #define HAVE_FCNTL_H 1
| #define HAVE_LIMITS_H 1
| #define HAVE_PTY_H 1
| #define HAVE_MALLOC_H 1
| #define HAVE_MEMORY_H 1
| #define HAVE_STDARG_H 1
| #define HAVE_STDINT_H 1
| #define HAVE_STDLIB_H 1
| #define HAVE_STRING_H 1
| #define HAVE_STRINGS_H 1
| #define HAVE_SYS_RESOURCE_H 1
| #define HAVE_SYS_TIME_H 1
| #define HAVE_SYS_TYPES_H 1
| #define HAVE_SYS_WAIT_H 1
| #define HAVE_SYSEXITS_H 1
| #define HAVE_UNISTD_H 1
| #define HAVE_WAIT_H 1
| #define HAVE_ASPRINTF 1
| #define HAVE_MEMCPY 1
| #define HAVE_MEMMOVE 1
| #define HAVE_MEMSET 1
| #define HAVE_STRERROR 1
| #define HAVE_STRCHR 1
| #define HAVE_STRRCHR 1
| #define HAVE_STRSTR 1
| #define HAVE_STRTOK 1
| #define HAVE_INDEX 1
| #define HAVE_RINDEX 1
| #define HAVE_UNSETENV 1
| /* end confdefs.h.  */
| /* Define openpty to an innocuous variant, in case <limits.h> declares openpty.
|    For example, HP-UX 11i <limits.h> declares gettimeofday.  */
| #define openpty innocuous_openpty
| 
| /* System header to define __stub macros and hopefully few prototypes,
|     which can conflict with char openpty (); below.
|     Prefer <limits.h> to <assert.h> if __STDC__ is defined, since
|     <limits.h> exists even on freestanding compilers.  */
| 
| #ifdef __STDC__
| # include <limits.h>
| #else
| # include <assert.h>
| #endif
| 
| #undef openpty
| 
| /* Override any GCC internal prototype to avoid an error.
|    Use char because int might match the return type of a GCC
|    builtin and then its argument prototype would still apply.  */
| #ifdef __cplusplus
| extern "C"
| #endif
| char openpty ();
| /* The GNU C library defines this for functions which it implements
|     to always fail with ENOSYS.  Some functions are actually named
|     something starting with __ and the normal name is an alias.  */
| #if defined __stub_openpty || defined __stub___openpty
| choke me
| #endif
| 
| int
| main ()
| {
| return openpty ();
|   ;
|   return 0;
| }
configure:4648: result: no
configure:4663: checking for openpty in -lutil
configure:4688: gcc -o conftest  -I/tmp/vessel_rancid-shipyard-Bfe7Fh/rancid-shipyard/include   -L/tmp/vessel_rancid-shipyard-Bfe7Fh/rancid-shipyard/lib conftest.c -lutil   >&5
configure:4688: $? = 0
configure:4698: result: yes
configure:4801: checking return type of signal handlers
configure:4819: gcc -c  -I/tmp/vessel_rancid-shipyard-Bfe7Fh/rancid-shipyard/include  conftest.c >&5
conftest.c: In function 'main':
conftest.c:60: error: void value not ignored as it ought to be
configure:4819: $? = 1
configure: failed program was:
| /* confdefs.h */
| #define PACKAGE_NAME "rancid"
| #define PACKAGE_TARNAME "rancid"
| #define PACKAGE_VERSION "3.7"
| #define PACKAGE_STRING "rancid 3.7"
| #define PACKAGE_BUGREPORT "rancid@shrubbery.net"
| #define PACKAGE_URL ""
| #define PACKAGE "rancid"
| #define VERSION "3.7"
| #define HAVE_STRINGIZE 1
| #define STDC_HEADERS 1
| #define HAVE_SYS_TYPES_H 1
| #define HAVE_SYS_STAT_H 1
| #define HAVE_STDLIB_H 1
| #define HAVE_STRING_H 1
| #define HAVE_MEMORY_H 1
| #define HAVE_STRINGS_H 1
| #define HAVE_INTTYPES_H 1
| #define HAVE_STDINT_H 1
| #define HAVE_UNISTD_H 1
| #define HAVE_CTYPE_H 1
| #define HAVE_ERRNO_H 1
| #define HAVE_FCNTL_H 1
| #define HAVE_LIMITS_H 1
| #define HAVE_PTY_H 1
| #define HAVE_MALLOC_H 1
| #define HAVE_MEMORY_H 1
| #define HAVE_STDARG_H 1
| #define HAVE_STDINT_H 1
| #define HAVE_STDLIB_H 1
| #define HAVE_STRING_H 1
| #define HAVE_STRINGS_H 1
| #define HAVE_SYS_RESOURCE_H 1
| #define HAVE_SYS_TIME_H 1
| #define HAVE_SYS_TYPES_H 1
| #define HAVE_SYS_WAIT_H 1
| #define HAVE_SYSEXITS_H 1
| #define HAVE_UNISTD_H 1
| #define HAVE_WAIT_H 1
| #define HAVE_ASPRINTF 1
| #define HAVE_MEMCPY 1
| #define HAVE_MEMMOVE 1
| #define HAVE_MEMSET 1
| #define HAVE_STRERROR 1
| #define HAVE_STRCHR 1
| #define HAVE_STRRCHR 1
| #define HAVE_STRSTR 1
| #define HAVE_STRTOK 1
| #define HAVE_INDEX 1
| #define HAVE_RINDEX 1
| #define HAVE_UNSETENV 1
| #define HAVE_OPENPTY 1
| /* end confdefs.h.  */
| #include <sys/types.h>
| #include <signal.h>
| 
| int
| main ()
| {
| return *(signal (0, 0)) (0) == 1;
|   ;
|   return 0;
| }
configure:4826: result: void
configure:4834: checking for size_t
configure:4834: gcc -c  -I/tmp/vessel_rancid-shipyard-Bfe7Fh/rancid-shipyard/include  conftest.c >&5
configure:4834: $? = 0
configure:4834: gcc -c  -I/tmp/vessel_rancid-shipyard-Bfe7Fh/rancid-shipyard/include  conftest.c >&5
conftest.c: In function 'main':
conftest.c:91: error: expected expression before ')' token
configure:4834: $? = 1
configure: failed program was:
| /* confdefs.h */
| #define PACKAGE_NAME "rancid"
| #define PACKAGE_TARNAME "rancid"
| #define PACKAGE_VERSION "3.7"
| #define PACKAGE_STRING "rancid 3.7"
| #define PACKAGE_BUGREPORT "rancid@shrubbery.net"
| #define PACKAGE_URL ""
| #define PACKAGE "rancid"
| #define VERSION "3.7"
| #define HAVE_STRINGIZE 1
| #define STDC_HEADERS 1
| #define HAVE_SYS_TYPES_H 1
| #define HAVE_SYS_STAT_H 1
| #define HAVE_STDLIB_H 1
| #define HAVE_STRING_H 1
| #define HAVE_MEMORY_H 1
| #define HAVE_STRINGS_H 1
| #define HAVE_INTTYPES_H 1
| #define HAVE_STDINT_H 1
| #define HAVE_UNISTD_H 1
| #define HAVE_CTYPE_H 1
| #define HAVE_ERRNO_H 1
| #define HAVE_FCNTL_H 1
| #define HAVE_LIMITS_H 1
| #define HAVE_PTY_H 1
| #define HAVE_MALLOC_H 1
| #define HAVE_MEMORY_H 1
| #define HAVE_STDARG_H 1
| #define HAVE_STDINT_H 1
| #define HAVE_STDLIB_H 1
| #define HAVE_STRING_H 1
| #define HAVE_STRINGS_H 1
| #define HAVE_SYS_RESOURCE_H 1
| #define HAVE_SYS_TIME_H 1
| #define HAVE_SYS_TYPES_H 1
| #define HAVE_SYS_WAIT_H 1
| #define HAVE_SYSEXITS_H 1
| #define HAVE_UNISTD_H 1
| #define HAVE_WAIT_H 1
| #define HAVE_ASPRINTF 1
| #define HAVE_MEMCPY 1
| #define HAVE_MEMMOVE 1
| #define HAVE_MEMSET 1
| #define HAVE_STRERROR 1
| #define HAVE_STRCHR 1
| #define HAVE_STRRCHR 1
| #define HAVE_STRSTR 1
| #define HAVE_STRTOK 1
| #define HAVE_INDEX 1
| #define HAVE_RINDEX 1
| #define HAVE_UNSETENV 1
| #define HAVE_OPENPTY 1
| #define RETSIGTYPE void
| /* end confdefs.h.  */
| #include <stdio.h>
| #ifdef HAVE_SYS_TYPES_H
| # include <sys/types.h>
| #endif
| #ifdef HAVE_SYS_STAT_H
| # include <sys/stat.h>
| #endif
| #ifdef STDC_HEADERS
| # include <stdlib.h>
| # include <stddef.h>
| #else
| # ifdef HAVE_STDLIB_H
| #  include <stdlib.h>
| # endif
| #endif
| #ifdef HAVE_STRING_H
| # if !defined STDC_HEADERS && defined HAVE_MEMORY_H
| #  include <memory.h>
| # endif
| # include <string.h>
| #endif
| #ifdef HAVE_STRINGS_H
| # include <strings.h>
| #endif
| #ifdef HAVE_INTTYPES_H
| # include <inttypes.h>
| #endif
| #ifdef HAVE_STDINT_H
| # include <stdint.h>
| #endif
| #ifdef HAVE_UNISTD_H
| # include <unistd.h>
| #endif
| int
| main ()
| {
| if (sizeof ((size_t)))
| 	    return 0;
|   ;
|   return 0;
| }
configure:4834: result: yes
configure:4850: checking whether to create the local state directory at install time
configure:4862: result: yes
configure:4878: checking whether to install sample .conf files in sysconfdir
configure:4890: result: yes
configure:4907: checking whether subversion
configure:4940: result: no
configure:4947: result: yes
configure:4973: checking whether mail addresses should be in the rancid+ form
configure:4989: result: no
configure:5000: checking whether admin mail addresses should be in the rancid-admin+ form
configure:5016: result: rancid-admin-
configure:5027: checking for dirname
configure:5045: found /usr/bin/dirname
configure:5058: result: /usr/bin/dirname
configure:5068: checking for a diff(1) that supports -u
configure:5103: result: diff -U 4
configure:5112: checking for sendmail
configure:5131: found /usr/sbin/sendmail
configure:5144: result: /usr/sbin/sendmail
configure:5164: checking for gnutar
configure:5194: result: no
configure:5164: checking for gtar
configure:5180: found /bin/gtar
configure:5191: result: gtar
configure:5207: checking for automake
configure:5234: result: ${SHELL} /home/atc135/rancid-shipyard/dists/rancid/missing automake-1.15
configure:5249: checking for perl5
configure:5280: result: no
configure:5292: checking for perl
configure:5310: found /tmp/vessel_rancid-shipyard-Bfe7Fh/rancid-shipyard/bin/perl
configure:5323: result: /tmp/vessel_rancid-shipyard-Bfe7Fh/rancid-shipyard/bin/perl
configure:5347: checking Socket.pm version
configure:5357: checking for expect
configure:5375: found /usr/bin/expect
configure:5388: result: /usr/bin/expect
configure:5404: checking for mktemp
configure:5422: found /bin/mktemp
configure:5435: result: /bin/mktemp
configure:5452: checking for ping
configure:5470: found /bin/ping
configure:5483: result: /bin/ping
configure:5614: checking for git
configure:5632: found /usr/bin/git
configure:5645: result: /usr/bin/git
configure:5657: checking for comm
configure:5675: found /usr/bin/comm
configure:5688: result: /usr/bin/comm
configure:5699: checking for find
configure:5717: found /bin/find
configure:5730: result: /bin/find
configure:5741: checking for grep
configure:5772: result: /bin/grep
configure:5783: checking for id
configure:5801: found /usr/bin/id
configure:5814: result: /usr/bin/id
configure:5825: checking for mkdir
configure:5843: found /bin/mkdir
configure:5856: result: /bin/mkdir
configure:5867: checking for rsh
configure:5885: found /usr/kerberos/bin/rsh
configure:5898: result: /usr/kerberos/bin/rsh
configure:5909: checking for sort
configure:5927: found /bin/sort
configure:5940: result: /bin/sort
configure:5951: checking for ssh
configure:5969: found /usr/bin/ssh
configure:5982: result: /usr/bin/ssh
configure:5993: checking for telnet
configure:6011: found /usr/kerberos/bin/telnet
configure:6024: result: /usr/kerberos/bin/telnet
configure:6043: checking for touch
configure:6061: found /bin/touch
configure:6074: result: /bin/touch
configure:6310: checking that generated files are newer than configure
configure:6316: result: done
configure:6351: creating ./config.status

## ---------------------- ##
## Running config.status. ##
## ---------------------- ##

This file was extended by rancid config.status 3.7, which was
generated by GNU Autoconf 2.69.  Invocation command line was

  CONFIG_FILES    = 
  CONFIG_HEADERS  = 
  CONFIG_LINKS    = 
  CONFIG_COMMANDS = 
  $ ./config.status 

on el6build.test.psu.edu

config.status:1012: creating Makefile
config.status:1012: creating bin/Makefile
config.status:1012: creating etc/Makefile
config.status:1012: creating include/Makefile
config.status:1012: creating lib/Makefile
config.status:1012: creating man/Makefile
config.status:1012: creating share/Makefile
config.status:1012: creating include/version.h
config.status:1012: creating bin/login_top
config.status:1012: creating bin/control_rancid
config.status:1012: creating bin/a10login
config.status:1012: creating bin/agmrancid
config.status:1012: creating bin/alogin
config.status:1012: creating bin/arancid
config.status:1012: creating bin/anlogin
config.status:1012: creating bin/avologin
config.status:1012: creating bin/avorancid
config.status:1012: creating bin/blogin
config.status:1012: creating bin/brancid
config.status:1012: creating bin/brlogin
config.status:1012: creating bin/cat5rancid
config.status:1012: creating bin/clogin
config.status:1012: creating bin/csblogin
config.status:1012: creating bin/cssrancid
config.status:1012: creating bin/dllogin
config.status:1012: creating bin/elogin
config.status:1012: creating bin/erancid
config.status:1012: creating bin/f5rancid
config.status:1012: creating bin/f10rancid
config.status:1012: creating bin/flogin
config.status:1012: creating bin/fnlogin
config.status:1012: creating bin/fnrancid
config.status:1012: creating bin/hlogin
config.status:1012: creating bin/htlogin
config.status:1012: creating bin/htrancid
config.status:1012: creating bin/jlogin
config.status:1012: creating bin/jerancid
config.status:1012: creating bin/mrancid
config.status:1012: creating bin/mrvlogin
config.status:1012: creating bin/mtrancid
config.status:1012: creating bin/mtlogin
config.status:1012: creating bin/nlogin
config.status:1012: creating bin/nrancid
config.status:1012: creating bin/noklogin
config.status:1012: creating bin/nslogin
config.status:1012: creating bin/nsrancid
config.status:1012: creating bin/panlogin
config.status:1012: creating bin/prancid
config.status:1012: creating bin/rblogin
config.status:1012: creating bin/rivlogin
config.status:1012: creating bin/rivrancid
config.status:1012: creating bin/rrancid
config.status:1012: creating bin/rtftpcopy
config.status:1012: creating bin/tlogin
config.status:1012: creating bin/trancid
config.status:1012: creating bin/xilogin
config.status:1012: creating bin/xirancid
config.status:1012: creating bin/xlogin
config.status:1012: creating bin/ulogin
config.status:1012: creating bin/wlogin
config.status:1012: creating bin/zrancid
config.status:1012: creating share/rtrfilter
config.status:1012: creating include/config.h
config.status:1246: executing depfiles commands

## ---------------- ##
## Cache variables. ##
## ---------------- ##

ac_cv_c_compiler_gnu=yes
ac_cv_c_const=yes
ac_cv_c_inline=inline
ac_cv_c_stringize=yes
ac_cv_env_CC_set=
ac_cv_env_CC_value=
ac_cv_env_CFLAGS_set=set
ac_cv_env_CFLAGS_value=' -I/tmp/vessel_rancid-shipyard-Bfe7Fh/rancid-shipyard/include'
ac_cv_env_CPPFLAGS_set=
ac_cv_env_CPPFLAGS_value=
ac_cv_env_CPP_set=
ac_cv_env_CPP_value=
ac_cv_env_LDFLAGS_set=set
ac_cv_env_LDFLAGS_value=' -L/tmp/vessel_rancid-shipyard-Bfe7Fh/rancid-shipyard/lib'
ac_cv_env_LIBS_set=
ac_cv_env_LIBS_value=
ac_cv_env_build_alias_set=
ac_cv_env_build_alias_value=
ac_cv_env_host_alias_set=
ac_cv_env_host_alias_value=
ac_cv_env_path=/tmp/vessel_rancid-shipyard-Bfe7Fh/rancid-shipyard/bin:/usr/bin:/usr/sbin:/bin:/usr/kerberos/bin:/usr/local/bin
ac_cv_env_target_alias_set=
ac_cv_env_target_alias_value=
ac_cv_func_asprintf=yes
ac_cv_func_index=yes
ac_cv_func_memcpy=yes
ac_cv_func_memmove=yes
ac_cv_func_memset=yes
ac_cv_func_openpty=no
ac_cv_func_rindex=yes
ac_cv_func_strchr=yes
ac_cv_func_strerror=yes
ac_cv_func_strrchr=yes
ac_cv_func_strrtok=no
ac_cv_func_strstr=yes
ac_cv_func_strtok=yes
ac_cv_func_unsetenv=yes
ac_cv_header_ctype_h=yes
ac_cv_header_errno_h=yes
ac_cv_header_fcntl_h=yes
ac_cv_header_inttypes_h=yes
ac_cv_header_libutil_h=no
ac_cv_header_limits_h=yes
ac_cv_header_malloc_h=yes
ac_cv_header_memory_h=yes
ac_cv_header_pty_h=yes
ac_cv_header_siginfo_h=no
ac_cv_header_stdarg_h=yes
ac_cv_header_stdc=yes
ac_cv_header_stdint_h=yes
ac_cv_header_stdlib_h=yes
ac_cv_header_string_h=yes
ac_cv_header_strings_h=yes
ac_cv_header_stropts_h=no
ac_cv_header_sys_resource_h=yes
ac_cv_header_sys_stat_h=yes
ac_cv_header_sys_time_h=yes
ac_cv_header_sys_types_h=yes
ac_cv_header_sys_wait_h=yes
ac_cv_header_sysexits_h=yes
ac_cv_header_unistd_h=yes
ac_cv_header_util_h=no
ac_cv_header_wait_h=yes
ac_cv_lib_util___openpty=yes
ac_cv_objext=o
ac_cv_path_COMM=/usr/bin/comm
ac_cv_path_DIRNAME=/usr/bin/dirname
ac_cv_path_EGREP='/bin/grep -E'
ac_cv_path_EXPECT_PATH=/usr/bin/expect
ac_cv_path_FIND=/bin/find
ac_cv_path_GIT=/usr/bin/git
ac_cv_path_GREP=/bin/grep
ac_cv_path_ID=/usr/bin/id
ac_cv_path_MAKE=/usr/bin/gmake
ac_cv_path_MKDIR=/bin/mkdir
ac_cv_path_MKTEMP=/bin/mktemp
ac_cv_path_PERLV_PATH=/tmp/vessel_rancid-shipyard-Bfe7Fh/rancid-shipyard/bin/perl
ac_cv_path_PING_PATH=/bin/ping
ac_cv_path_RSH=/usr/kerberos/bin/rsh
ac_cv_path_SENDMAIL=/usr/sbin/sendmail
ac_cv_path_SORT=/bin/sort
ac_cv_path_SSH=/usr/bin/ssh
ac_cv_path_TELNET=/usr/kerberos/bin/telnet
ac_cv_path_TOUCH=/bin/touch
ac_cv_path_install='/usr/bin/install -c'
ac_cv_path_mkdir=/bin/mkdir
ac_cv_prog_AUTOMAKE='${SHELL} /home/atc135/rancid-shipyard/dists/rancid/missing automake-1.15'
ac_cv_prog_AWK=gawk
ac_cv_prog_CPP='gcc -E'
ac_cv_prog_TAR=gtar
ac_cv_prog_ac_ct_CC=gcc
ac_cv_prog_cc_c89=
ac_cv_prog_cc_g=yes
ac_cv_prog_make__usr_bin_gmake_set=yes
ac_cv_prog_make_make_set=yes
ac_cv_type_signal=void
ac_cv_type_size_t=yes
am_cv_CC_dependencies_compiler_type=gcc3
am_cv_make_support_nested_variables=yes
am_cv_prog_cc_c_o=yes
rd_cv_ADMINMAILPLUS=rancid-admin-
rd_cv_DIFF=/usr/bin/diff
rd_cv_DIFF_CMD='diff -U 4'
rd_cv_MAILPLUS=rancid-
rd_cv_RCSSYS=git
rd_cv_lg_ping_cmd='/bin/ping -c 1'

## ----------------- ##
## Output variables. ##
## ----------------- ##

ACLOCAL='${SHELL} /home/atc135/rancid-shipyard/dists/rancid/missing aclocal-1.15'
ADMINMAILPLUS='rancid-admin-'
AMDEPBACKSLASH='\'
AMDEP_FALSE='#'
AMDEP_TRUE=''
AMTAR='$${TAR-tar}'
AM_BACKSLASH='\'
AM_DEFAULT_V='$(AM_DEFAULT_VERBOSITY)'
AM_DEFAULT_VERBOSITY='1'
AM_V='$(V)'
AUTOCONF='${SHELL} /home/atc135/rancid-shipyard/dists/rancid/missing autoconf'
AUTOHEADER='${SHELL} /home/atc135/rancid-shipyard/dists/rancid/missing autoheader'
AUTOMAKE='${SHELL} /home/atc135/rancid-shipyard/dists/rancid/missing automake-1.15'
AWK='gawk'
CC='gcc'
CCDEPMODE='depmode=gcc3'
CFLAGS=' -I/tmp/vessel_rancid-shipyard-Bfe7Fh/rancid-shipyard/include'
COMM='/usr/bin/comm'
CONF_INSTALL_FALSE='#'
CONF_INSTALL_TRUE=''
COPYYEARS='1997-2017'
CPP='gcc -E'
CPPFLAGS=''
CVS=''
CYGPATH_W='echo'
DEFS='-DHAVE_CONFIG_H'
DEPDIR='.deps'
DIFF='/usr/bin/diff'
DIFF_CMD='diff -U 4'
DIRNAME='/usr/bin/dirname'
ECHO_C=''
ECHO_N='-n'
ECHO_T=''
EGREP='/bin/grep -E'
ENV_PATH='/tmp/vessel_rancid-shipyard-Bfe7Fh/rancid-shipyard/bin:/usr/bin:/usr/sbin:/bin:/usr/kerberos/bin:/usr/local/bin'
EXEEXT=''
EXPECT_PATH='/usr/bin/expect'
FIND='/bin/find'
GIT='/usr/bin/git'
GREP='/bin/grep'
ID='/usr/bin/id'
INSTALL_DATA='${INSTALL} -m 644'
INSTALL_PROGRAM='${INSTALL}'
INSTALL_SCRIPT='${INSTALL}'
INSTALL_STRIP_PROGRAM='$(install_sh) -c -s'
LDFLAGS=' -L/tmp/vessel_rancid-shipyard-Bfe7Fh/rancid-shipyard/lib'
LG_PING_CMD='/bin/ping -c 1'
LIBOBJS=''
LIBS=' -lutil'
LTLIBOBJS=''
MAILPLUS='rancid-'
MAINT='#'
MAINTAINER_MODE_FALSE=''
MAINTAINER_MODE_TRUE='#'
MAKE='/usr/bin/gmake'
MAKEINFO='${SHELL} /home/atc135/rancid-shipyard/dists/rancid/missing makeinfo'
MKDIR='/bin/mkdir'
MKDIR_P='/bin/mkdir -p'
MKTEMP='/bin/mktemp'
MK_LCLSTATEDIR_FALSE='#'
MK_LCLSTATEDIR_TRUE=''
OBJEXT='o'
PACKAGE='rancid'
PACKAGE_BUGREPORT='rancid@shrubbery.net'
PACKAGE_NAME='rancid'
PACKAGE_STRING='rancid 3.7'
PACKAGE_TARNAME='rancid'
PACKAGE_URL=''
PACKAGE_VERSION='3.7'
PATH_SEPARATOR=':'
PERLV='perl'
PERLV_PATH='/tmp/vessel_rancid-shipyard-Bfe7Fh/rancid-shipyard/bin/perl'
PING_PATH='/bin/ping'
RCSSYS='git'
RSH='/usr/kerberos/bin/rsh'
SENDMAIL='/usr/sbin/sendmail'
SET_MAKE=''
SHELL='/bin/sh'
SORT='/bin/sort'
SSH='/usr/bin/ssh'
STRIP=''
SVN=''
SVN_FSTYPE='--fs-type fsfs'
TAR='gtar'
TELNET='/usr/kerberos/bin/telnet'
TELNET_CMD='telnet -K'
TOUCH='/bin/touch'
VERSION='3.7'
ac_ct_CC='gcc'
am__EXEEXT_FALSE=''
am__EXEEXT_TRUE='#'
am__fastdepCC_FALSE='#'
am__fastdepCC_TRUE=''
am__include='include'
am__isrc=''
am__leading_dot='.'
am__nodep='_no'
am__quote=''
am__tar='$${TAR-tar} chof - "$$tardir"'
am__untar='$${TAR-tar} xf -'
bindir='${exec_prefix}/bin'
build_alias=''
datadir='${datarootdir}'
datarootdir='${prefix}/share'
docdir='${datarootdir}/doc/${PACKAGE_TARNAME}'
dvidir='${docdir}'
exec_prefix='${prefix}'
host_alias=''
htmldir='${docdir}'
includedir='${prefix}/include'
infodir='${datarootdir}/info'
install_sh='${SHELL} /home/atc135/rancid-shipyard/dists/rancid/install-sh'
libdir='${exec_prefix}/lib'
libexecdir='${exec_prefix}/libexec'
localedir='${datarootdir}/locale'
localstatedir='${prefix}/var'
mandir='${datarootdir}/man'
mkdir_p='$(MKDIR_P)'
oldincludedir='/usr/include'
pdfdir='${docdir}'
prefix='/tmp/vessel_rancid-shipyard-Bfe7Fh/rancid-shipyard'
program_transform_name='s,x,x,'
psdir='${docdir}'
sbindir='${exec_prefix}/sbin'
sharedstatedir='${prefix}/com'
sysconfdir='${prefix}/etc'
target_alias=''

## ------------------- ##
## File substitutions. ##
## ------------------- ##

copyright='./COPYING'
login_top='./bin/login_top'

## ----------- ##
## confdefs.h. ##
## ----------- ##

/* confdefs.h */
#define PACKAGE_NAME "rancid"
#define PACKAGE_TARNAME "rancid"
#define PACKAGE_VERSION "3.7"
#define PACKAGE_STRING "rancid 3.7"
#define PACKAGE_BUGREPORT "rancid@shrubbery.net"
#define PACKAGE_URL ""
#define PACKAGE "rancid"
#define VERSION "3.7"
#define HAVE_STRINGIZE 1
#define STDC_HEADERS 1
#define HAVE_SYS_TYPES_H 1
#define HAVE_SYS_STAT_H 1
#define HAVE_STDLIB_H 1
#define HAVE_STRING_H 1
#define HAVE_MEMORY_H 1
#define HAVE_STRINGS_H 1
#define HAVE_INTTYPES_H 1
#define HAVE_STDINT_H 1
#define HAVE_UNISTD_H 1
#define HAVE_CTYPE_H 1
#define HAVE_ERRNO_H 1
#define HAVE_FCNTL_H 1
#define HAVE_LIMITS_H 1
#define HAVE_PTY_H 1
#define HAVE_MALLOC_H 1
#define HAVE_MEMORY_H 1
#define HAVE_STDARG_H 1
#define HAVE_STDINT_H 1
#define HAVE_STDLIB_H 1
#define HAVE_STRING_H 1
#define HAVE_STRINGS_H 1
#define HAVE_SYS_RESOURCE_H 1
#define HAVE_SYS_TIME_H 1
#define HAVE_SYS_TYPES_H 1
#define HAVE_SYS_WAIT_H 1
#define HAVE_SYSEXITS_H 1
#define HAVE_UNISTD_H 1
#define HAVE_WAIT_H 1
#define HAVE_ASPRINTF 1
#define HAVE_MEMCPY 1
#define HAVE_MEMMOVE 1
#define HAVE_MEMSET 1
#define HAVE_STRERROR 1
#define HAVE_STRCHR 1
#define HAVE_STRRCHR 1
#define HAVE_STRSTR 1
#define HAVE_STRTOK 1
#define HAVE_INDEX 1
#define HAVE_RINDEX 1
#define HAVE_UNSETENV 1
#define HAVE_OPENPTY 1
#define RETSIGTYPE void

configure: exit 0
